<?xml version="1.0" encoding="UTF-8"?>
<testsuite name="net.qipo.test.AOPTest" tests="1" skipped="0" failures="0" errors="0" timestamp="2019-09-25T12:27:50" hostname="DESKTOP-G6OD6TJ" time="0.051">
  <properties/>
  <testcase name="test02" classname="net.qipo.test.AOPTest" time="0.051"/>
  <system-out><![CDATA[【环绕的前置通知】div方法开始执行
【div】方法开始执行了，用的参数列表【[1, 2]】
【环绕的返回通知】div方法返回，返回值0
【后置通知】div方法结束
【div】方法结束了
【div】方法正常执行完成了。他的计算结果是0
]]></system-out>
  <system-err><![CDATA[]]></system-err>
</testsuite>
