<?xml version="1.0" encoding="UTF-8"?>
<testsuite name="net.qipo.test.AopTest" tests="1" skipped="0" failures="0" errors="0" timestamp="2019-09-26T13:31:16" hostname="kaideMacBook-Pro.local" time="0.028">
  <properties/>
  <testcase name="test01" classname="net.qipo.test.AopTest" time="0.028"/>
  <system-out><![CDATA[【add】方法开始执行了，用的参数列表【[1, 2]】
【add】方法正常执行完成了。他的计算结果是3
【add】方法结束了
]]></system-out>
  <system-err><![CDATA[]]></system-err>
</testsuite>
